{'applyDer': {'Isetpt': array([[ 0.,  0.,  0.,  0.,  0.,  0.,  0.,  0.,  0.,  0.],
       [ 0.,  0.,  0.,  0.,  0.,  0.,  0.,  0.,  0.,  0.],
       [ 0.,  0.,  0.,  0.,  0.,  0.,  0.,  0.,  0.,  0.],
       [ 0.,  0.,  0.,  0.,  0.,  0.,  0.,  0.,  0.,  0.],
       [ 0.,  0.,  0.,  0.,  0.,  0.,  0.,  0.,  0.,  0.],
       [ 0.,  0.,  0.,  0.,  0.,  0.,  0.,  0.,  0.,  0.],
       [ 0.,  0.,  0.,  0.,  0.,  0.,  0.,  0.,  0.,  0.],
       [ 0.,  0.,  0.,  0.,  0.,  0.,  0.,  0.,  0.,  0.],
       [ 0.,  0.,  0.,  0.,  0.,  0.,  0.,  0.,  0.,  0.],
       [ 0.,  0.,  0.,  0.,  0.,  0.,  0.,  0.,  0.,  0.],
       [ 0.,  0.,  0.,  0.,  0.,  0.,  0.,  0.,  0.,  0.],
       [ 0.,  0.,  0.,  0.,  0.,  0.,  0.,  0.,  0.,  0.]]),
              'P_sol': array([ 1.52,  1.52,  1.52,  1.52,  1.52,  1.52,  1.52,  1.52,  1.52,  1.52]),
              'V_sol': array([[ 0.,  0.,  0.,  0.,  0.,  0.,  0.,  0.,  0.,  0.],
       [ 0.,  0.,  0.,  0.,  0.,  0.,  0.,  0.,  0.,  0.],
       [ 0.,  0.,  0.,  0.,  0.,  0.,  0.,  0.,  0.,  0.],
       [ 0.,  0.,  0.,  0.,  0.,  0.,  0.,  0.,  0.,  0.],
       [ 0.,  0.,  0.,  0.,  0.,  0.,  0.,  0.,  0.,  0.],
       [ 0.,  0.,  0.,  0.,  0.,  0.,  0.,  0.,  0.,  0.],
       [ 0.,  0.,  0.,  0.,  0.,  0.,  0.,  0.,  0.,  0.],
       [ 0.,  0.,  0.,  0.,  0.,  0.,  0.,  0.,  0.,  0.],
       [ 0.,  0.,  0.,  0.,  0.,  0.,  0.,  0.,  0.,  0.],
       [ 0.,  0.,  0.,  0.,  0.,  0.,  0.,  0.,  0.,  0.],
       [ 0.,  0.,  0.,  0.,  0.,  0.,  0.,  0.,  0.,  0.],
       [ 0.,  0.,  0.,  0.,  0.,  0.,  0.,  0.,  0.,  0.]])},
 'applyDerT': {'Isetpt': array([[ 0.228,  0.228,  0.228,  0.228,  0.228,  0.228,  0.228,  0.228,
         0.228,  0.228],
       [ 0.228,  0.228,  0.228,  0.228,  0.228,  0.228,  0.228,  0.228,
         0.228,  0.228],
       [ 0.228,  0.228,  0.228,  0.228,  0.228,  0.228,  0.228,  0.228,
         0.228,  0.228],
       [ 0.228,  0.228,  0.228,  0.228,  0.228,  0.228,  0.228,  0.228,
         0.228,  0.228],
       [ 0.228,  0.228,  0.228,  0.228,  0.228,  0.228,  0.228,  0.228,
         0.228,  0.228],
       [ 0.38 ,  0.38 ,  0.38 ,  0.38 ,  0.38 ,  0.38 ,  0.38 ,  0.38 ,
         0.38 ,  0.38 ],
       [ 0.228,  0.228,  0.228,  0.228,  0.228,  0.228,  0.228,  0.228,
         0.228,  0.228],
       [ 0.228,  0.228,  0.228,  0.228,  0.228,  0.228,  0.228,  0.228,
         0.228,  0.228],
       [ 0.228,  0.228,  0.228,  0.228,  0.228,  0.228,  0.228,  0.228,
         0.228,  0.228],
       [ 0.228,  0.228,  0.228,  0.228,  0.228,  0.228,  0.228,  0.228,
         0.228,  0.228],
       [ 0.228,  0.228,  0.228,  0.228,  0.228,  0.228,  0.228,  0.228,
         0.228,  0.228],
       [ 0.228,  0.228,  0.228,  0.228,  0.228,  0.228,  0.228,  0.228,
         0.228,  0.228]]),
               'P_sol': array([ 0.,  0.,  0.,  0.,  0.,  0.,  0.,  0.,  0.,  0.]),
               'V_sol': array([[ 0.152,  0.152,  0.152,  0.152,  0.152,  0.152,  0.152,  0.152,
         0.152,  0.152],
       [ 0.152,  0.152,  0.152,  0.152,  0.152,  0.152,  0.152,  0.152,
         0.152,  0.152],
       [ 0.152,  0.152,  0.152,  0.152,  0.152,  0.152,  0.152,  0.152,
         0.152,  0.152],
       [ 0.152,  0.152,  0.152,  0.152,  0.152,  0.152,  0.152,  0.152,
         0.152,  0.152],
       [ 0.152,  0.152,  0.152,  0.152,  0.152,  0.152,  0.152,  0.152,
         0.152,  0.152],
       [ 0.152,  0.152,  0.152,  0.152,  0.152,  0.152,  0.152,  0.152,
         0.152,  0.152],
       [ 0.152,  0.152,  0.152,  0.152,  0.152,  0.152,  0.152,  0.152,
         0.152,  0.152],
       [ 0.152,  0.152,  0.152,  0.152,  0.152,  0.152,  0.152,  0.152,
         0.152,  0.152],
       [ 0.152,  0.152,  0.152,  0.152,  0.152,  0.152,  0.152,  0.152,
         0.152,  0.152],
       [ 0.152,  0.152,  0.152,  0.152,  0.152,  0.152,  0.152,  0.152,
         0.152,  0.152],
       [ 0.152,  0.152,  0.152,  0.152,  0.152,  0.152,  0.152,  0.152,
         0.152,  0.152],
       [ 0.152,  0.152,  0.152,  0.152,  0.152,  0.152,  0.152,  0.152,
         0.152,  0.152]])},
 'execute': {'Isetpt': array([[ 0.2,  0.2,  0.2,  0.2,  0.2,  0.2,  0.2,  0.2,  0.2,  0.2],
       [ 0.2,  0.2,  0.2,  0.2,  0.2,  0.2,  0.2,  0.2,  0.2,  0.2],
       [ 0.2,  0.2,  0.2,  0.2,  0.2,  0.2,  0.2,  0.2,  0.2,  0.2],
       [ 0.2,  0.2,  0.2,  0.2,  0.2,  0.2,  0.2,  0.2,  0.2,  0.2],
       [ 0.2,  0.2,  0.2,  0.2,  0.2,  0.2,  0.2,  0.2,  0.2,  0.2],
       [ 0.2,  0.2,  0.2,  0.2,  0.2,  0.2,  0.2,  0.2,  0.2,  0.2],
       [ 0.2,  0.2,  0.2,  0.2,  0.2,  0.2,  0.2,  0.2,  0.2,  0.2],
       [ 0.2,  0.2,  0.2,  0.2,  0.2,  0.2,  0.2,  0.2,  0.2,  0.2],
       [ 0.2,  0.2,  0.2,  0.2,  0.2,  0.2,  0.2,  0.2,  0.2,  0.2],
       [ 0.2,  0.2,  0.2,  0.2,  0.2,  0.2,  0.2,  0.2,  0.2,  0.2],
       [ 0.2,  0.2,  0.2,  0.2,  0.2,  0.2,  0.2,  0.2,  0.2,  0.2],
       [ 0.2,  0.2,  0.2,  0.2,  0.2,  0.2,  0.2,  0.2,  0.2,  0.2]]),
             'P_sol': array([ 0.76,  0.76,  0.76,  0.76,  0.76,  0.76,  0.76,  0.76,  0.76,  0.76]),
             'V_sol': array([[ 0.3,  0.3,  0.3,  0.3,  0.3,  0.3,  0.3,  0.3,  0.3,  0.3],
       [ 0.3,  0.3,  0.3,  0.3,  0.3,  0.3,  0.3,  0.3,  0.3,  0.3],
       [ 0.3,  0.3,  0.3,  0.3,  0.3,  0.3,  0.3,  0.3,  0.3,  0.3],
       [ 0.3,  0.3,  0.3,  0.3,  0.3,  0.3,  0.3,  0.3,  0.3,  0.3],
       [ 0.3,  0.3,  0.3,  0.3,  0.3,  0.3,  0.3,  0.3,  0.3,  0.3],
       [ 0.5,  0.5,  0.5,  0.5,  0.5,  0.5,  0.5,  0.5,  0.5,  0.5],
       [ 0.3,  0.3,  0.3,  0.3,  0.3,  0.3,  0.3,  0.3,  0.3,  0.3],
       [ 0.3,  0.3,  0.3,  0.3,  0.3,  0.3,  0.3,  0.3,  0.3,  0.3],
       [ 0.3,  0.3,  0.3,  0.3,  0.3,  0.3,  0.3,  0.3,  0.3,  0.3],
       [ 0.3,  0.3,  0.3,  0.3,  0.3,  0.3,  0.3,  0.3,  0.3,  0.3],
       [ 0.3,  0.3,  0.3,  0.3,  0.3,  0.3,  0.3,  0.3,  0.3,  0.3],
       [ 0.3,  0.3,  0.3,  0.3,  0.3,  0.3,  0.3,  0.3,  0.3,  0.3]])}}
