{'applyDer': {'O_BI': array([[[ 1.,  1.,  1.,  1.,  1.,  1.,  1.,  1.,  1.,  1.],
        [ 0.,  0.,  0.,  0.,  0.,  0.,  0.,  0.,  0.,  0.],
        [ 0.,  0.,  0.,  0.,  0.,  0.,  0.,  0.,  0.,  0.]],

       [[ 0.,  0.,  0.,  0.,  0.,  0.,  0.,  0.,  0.,  0.],
        [ 1.,  1.,  1.,  1.,  1.,  1.,  1.,  1.,  1.,  1.],
        [ 0.,  0.,  0.,  0.,  0.,  0.,  0.,  0.,  0.,  0.]],

       [[ 0.,  0.,  0.,  0.,  0.,  0.,  0.,  0.,  0.,  0.],
        [ 0.,  0.,  0.,  0.,  0.,  0.,  0.,  0.,  0.,  0.],
        [ 1.,  1.,  1.,  1.,  1.,  1.,  1.,  1.,  1.,  1.]]]),
              'r_e2s_B': array([[  2.99338360e+08,   2.99338360e+08,   2.99338360e+08,
          2.99338360e+08,   2.99338360e+08,   2.99338360e+08,
          2.99338360e+08,   2.99338360e+08,   2.99338360e+08,
          2.99338360e+08],
       [  2.00000000e+01,   2.00000000e+01,   2.00000000e+01,
          2.00000000e+01,   2.00000000e+01,   2.00000000e+01,
          2.00000000e+01,   2.00000000e+01,   2.00000000e+01,
          2.00000000e+01],
       [  2.00000000e+01,   2.00000000e+01,   2.00000000e+01,
          2.00000000e+01,   2.00000000e+01,   2.00000000e+01,
          2.00000000e+01,   2.00000000e+01,   2.00000000e+01,
          2.00000000e+01]]),
              'r_e2s_I': array([[ 20.,  10.,  10.,  10.,  10.,  10.,  10.,  10.,  10.,  10.],
       [ 20.,  10.,  10.,  10.,  10.,  10.,  10.,  10.,  10.,  10.],
       [ 20.,  10.,  10.,  10.,  10.,  10.,  10.,  10.,  10.,  10.]])},
 'applyDerT': {'O_BI': array([[[  2.24008634e+16,   2.24008634e+16,   2.24008634e+16,
           2.24008634e+16,   2.24008634e+16,   2.24008634e+16,
           2.24008634e+16,   2.24008634e+16,   2.24008634e+16,
           2.24008634e+16],
        [  1.49669180e+09,   1.49669180e+09,   1.49669180e+09,
           1.49669180e+09,   1.49669180e+09,   1.49669180e+09,
           1.49669180e+09,   1.49669180e+09,   1.49669180e+09,
           1.49669180e+09],
        [  1.49669180e+09,   1.49669180e+09,   1.49669180e+09,
           1.49669180e+09,   1.49669180e+09,   1.49669180e+09,
           1.49669180e+09,   1.49669180e+09,   1.49669180e+09,
           1.49669180e+09]],

       [[  1.49669180e+09,   1.49669180e+09,   1.49669180e+09,
           1.49669180e+09,   1.49669180e+09,   1.49669180e+09,
           1.49669180e+09,   1.49669180e+09,   1.49669180e+09,
           1.49669180e+09],
        [  1.00000000e+02,   1.00000000e+02,   1.00000000e+02,
           1.00000000e+02,   1.00000000e+02,   1.00000000e+02,
           1.00000000e+02,   1.00000000e+02,   1.00000000e+02,
           1.00000000e+02],
        [  1.00000000e+02,   1.00000000e+02,   1.00000000e+02,
           1.00000000e+02,   1.00000000e+02,   1.00000000e+02,
           1.00000000e+02,   1.00000000e+02,   1.00000000e+02,
           1.00000000e+02]],

       [[  1.49669180e+09,   1.49669180e+09,   1.49669180e+09,
           1.49669180e+09,   1.49669180e+09,   1.49669180e+09,
           1.49669180e+09,   1.49669180e+09,   1.49669180e+09,
           1.49669180e+09],
        [  1.00000000e+02,   1.00000000e+02,   1.00000000e+02,
           1.00000000e+02,   1.00000000e+02,   1.00000000e+02,
           1.00000000e+02,   1.00000000e+02,   1.00000000e+02,
           1.00000000e+02],
        [  1.00000000e+02,   1.00000000e+02,   1.00000000e+02,
           1.00000000e+02,   1.00000000e+02,   1.00000000e+02,
           1.00000000e+02,   1.00000000e+02,   1.00000000e+02,
           1.00000000e+02]]]),
               'r_e2s_B': array([[ 0.,  0.,  0.,  0.,  0.,  0.,  0.,  0.,  0.,  0.],
       [ 0.,  0.,  0.,  0.,  0.,  0.,  0.,  0.,  0.,  0.],
       [ 0.,  0.,  0.,  0.,  0.,  0.,  0.,  0.,  0.,  0.]]),
               'r_e2s_I': array([[  1.49669180e+08,   1.49669180e+08,   1.49669180e+08,
          1.49669180e+08,   1.49669180e+08,   1.49669180e+08,
          1.49669180e+08,   1.49669180e+08,   1.49669180e+08,
          1.49669180e+08],
       [  1.00000000e+01,   1.00000000e+01,   1.00000000e+01,
          1.00000000e+01,   1.00000000e+01,   1.00000000e+01,
          1.00000000e+01,   1.00000000e+01,   1.00000000e+01,
          1.00000000e+01],
       [  1.00000000e+01,   1.00000000e+01,   1.00000000e+01,
          1.00000000e+01,   1.00000000e+01,   1.00000000e+01,
          1.00000000e+01,   1.00000000e+01,   1.00000000e+01,
          1.00000000e+01]])},
 'execute': {'O_BI': array([[[ 1.,  1.,  1.,  1.,  1.,  1.,  1.,  1.,  1.,  1.],
        [ 0.,  0.,  0.,  0.,  0.,  0.,  0.,  0.,  0.,  0.],
        [ 0.,  0.,  0.,  0.,  0.,  0.,  0.,  0.,  0.,  0.]],

       [[ 0.,  0.,  0.,  0.,  0.,  0.,  0.,  0.,  0.,  0.],
        [ 1.,  1.,  1.,  1.,  1.,  1.,  1.,  1.,  1.,  1.],
        [ 0.,  0.,  0.,  0.,  0.,  0.,  0.,  0.,  0.,  0.]],

       [[ 0.,  0.,  0.,  0.,  0.,  0.,  0.,  0.,  0.,  0.],
        [ 0.,  0.,  0.,  0.,  0.,  0.,  0.,  0.,  0.,  0.],
        [ 1.,  1.,  1.,  1.,  1.,  1.,  1.,  1.,  1.,  1.]]]),
             'r_e2s_B': array([[  1.49669180e+08,   1.49669180e+08,   1.49669180e+08,
          1.49669180e+08,   1.49669180e+08,   1.49669180e+08,
          1.49669180e+08,   1.49669180e+08,   1.49669180e+08,
          1.49669180e+08],
       [  1.00000000e+01,   1.00000000e+01,   1.00000000e+01,
          1.00000000e+01,   1.00000000e+01,   1.00000000e+01,
          1.00000000e+01,   1.00000000e+01,   1.00000000e+01,
          1.00000000e+01],
       [  1.00000000e+01,   1.00000000e+01,   1.00000000e+01,
          1.00000000e+01,   1.00000000e+01,   1.00000000e+01,
          1.00000000e+01,   1.00000000e+01,   1.00000000e+01,
          1.00000000e+01]]),
             'r_e2s_I': array([[  1.49669180e+08,   1.49669180e+08,   1.49669180e+08,
          1.49669180e+08,   1.49669180e+08,   1.49669180e+08,
          1.49669180e+08,   1.49669180e+08,   1.49669180e+08,
          1.49669180e+08],
       [  1.00000000e+01,   1.00000000e+01,   1.00000000e+01,
          1.00000000e+01,   1.00000000e+01,   1.00000000e+01,
          1.00000000e+01,   1.00000000e+01,   1.00000000e+01,
          1.00000000e+01],
       [  1.00000000e+01,   1.00000000e+01,   1.00000000e+01,
          1.00000000e+01,   1.00000000e+01,   1.00000000e+01,
          1.00000000e+01,   1.00000000e+01,   1.00000000e+01,
          1.00000000e+01]])}}
