{'applyDer': {'LD': array([ 999.]),
              'r_e2s_I': array([[  0.9637199 ,   0.96341407,   0.96341407,   0.96341407,
          0.96341407,   0.96341407,   0.96341407,   0.96341407,
          0.96341407,   0.96341407],
       [-15.66001315, -15.66000335, -15.66000335, -15.66000335,
        -15.66000335, -15.66000335, -15.66000335, -15.66000335,
        -15.66000335, -15.66000335],
       [ -6.7892362 ,  -6.78923195,  -6.78923195,  -6.78923195,
         -6.78923195,  -6.78923195,  -6.78923195,  -6.78923195,
         -6.78923195,  -6.78923195]]),
              't': array([ 10.,  10.,  10.,  10.,  10.,  10.,  10.,  10.,  10.,  10.])},
 'applyDerT': {'LD': array([ -1.32814766e-18]),
               'r_e2s_I': array([[ 10.,  10.,  10.,  10.,  10.,  10.,  10.,  10.,  10.,  10.],
       [ 20.,  20.,  20.,  20.,  20.,  20.,  20.,  20.,  20.,  20.],
       [ 30.,  30.,  30.,  30.,  30.,  30.,  30.,  30.,  30.,  30.]]),
               't': array([ -1.25486363e-24,  -1.56857953e-24,  -1.56857953e-24,
        -1.56857953e-24,  -1.56857953e-24,  -1.56857953e-24,
        -1.56857953e-24,  -1.56857953e-24,  -1.56857953e-24,
        -1.56857953e-24])},
 'execute': {'LD': array([ 999.]),
             'r_e2s_I': array([[-0.99840981, -0.99841081, -0.99841081, -0.99841081, -0.99841081,
        -0.99841081, -0.99841081, -0.99841081, -0.99841081, -0.99841081],
       [-0.05172101, -0.05170468, -0.05170468, -0.05170468, -0.05170468,
        -0.05170468, -0.05170468, -0.05170468, -0.05170468, -0.05170468],
       [-0.02242311, -0.02241603, -0.02241603, -0.02241603, -0.02241603,
        -0.02241603, -0.02241603, -0.02241603, -0.02241603, -0.02241603]]),
             't': array([ 100.,   10.,   10.,   10.,   10.,   10.,   10.,   10.,   10.,   10.])}}
