{'applyDer': {'Inc': array([ 0.]),
              'RAAN': array([ 0.]),
              'altApogee': array([ 0.]),
              'altPerigee': array([ 0.]),
              'argPerigee': array([ 0.]),
              'r_e2b_I0': array([ -10.38891892,  266.9473356 ,    4.97312215]),
              'trueAnomaly': array([ 0.]),
              'v_e2b_I0': array([-0.33077496, -0.01590055,  0.11022604])},
 'applyDerT': {'Inc': array([ -2.66626998e-15]),
               'RAAN': array([  3.63795799e-12]),
               'altApogee': array([ 0.31334508]),
               'altPerigee': array([ 6378.618757]),
               'argPerigee': array([ -4.21873984e-14]),
               'r_e2b_I0': array([ 0.,  0.,  0.]),
               'trueAnomaly': array([  7.23331919e-12]),
               'v_e2b_I0': array([ 0.,  0.,  0.])},
 'execute': {'Inc': array([ 0.8]),
             'RAAN': array([ 0.8]),
             'altApogee': array([ 0.8]),
             'altPerigee': array([ 0.8]),
             'argPerigee': array([ 0.8]),
             'r_e2b_I0': array([  6.37334183e+03,   2.67104797e+02,   2.48680917e+00]),
             'trueAnomaly': array([ 0.8]),
             'v_e2b_I0': array([-0.33101084,  7.8971659 ,  0.11032619])}}
