{'applyDer': {'azimuth': array([ 0.,  0.,  0.,  0.,  0.,  0.,  0.,  0.,  0.,  0.]),
              'elevation': array([ 0.,  0.,  0.,  0.,  0.,  0.,  0.,  0.,  0.,  0.]),
              'r_e2s_B': array([[ 0.,  0.,  0.,  0.,  0.,  0.,  0.,  0.,  0.,  0.],
       [ 0.,  0.,  0.,  0.,  0.,  0.,  0.,  0.,  0.,  0.],
       [ 0.,  0.,  0.,  0.,  0.,  0.,  0.,  0.,  0.,  0.]])},
 'applyDerT': {'azimuth': array([ 0.,  0.,  0.,  0.,  0.,  0.,  0.,  0.,  0.,  0.]),
               'elevation': array([ 0.,  0.,  0.,  0.,  0.,  0.,  0.,  0.,  0.,  0.]),
               'r_e2s_B': array([[-0.00016753, -0.00016753, -0.00016753, -0.00016753, -0.00016753,
        -0.00016753, -0.00016753, -0.00016753, -0.00016753, -0.00016753],
       [ 0.00061787,  0.00061787,  0.00061787,  0.00061787,  0.00061787,
         0.00061787,  0.00061787,  0.00061787,  0.00061787,  0.00061787],
       [-0.00045034, -0.00045034, -0.00045034, -0.00045034, -0.00045034,
        -0.00045034, -0.00045034, -0.00045034, -0.00045034, -0.00045034]])},
 'execute': {'azimuth': array([ 0.78539816,  0.78539816,  0.78539816,  0.78539816,  0.78539816,
        0.78539816,  0.78539816,  0.78539816,  0.78539816,  0.78539816]),
             'elevation': array([ 0.95531662,  0.95531662,  0.95531662,  0.95531662,  0.95531662,
        0.95531662,  0.95531662,  0.95531662,  0.95531662,  0.95531662]),
             'r_e2s_B': array([[ 1000.,  1000.,  1000.,  1000.,  1000.,  1000.,  1000.,  1000.,
         1000.,  1000.],
       [ 1000.,  1000.,  1000.,  1000.,  1000.,  1000.,  1000.,  1000.,
         1000.,  1000.],
       [ 1000.,  1000.,  1000.,  1000.,  1000.,  1000.,  1000.,  1000.,
         1000.,  1000.]])}}
