{'applyDer': {'Isetpt': array([[ 0.,  0.,  0.,  0.,  0.,  0.,  0.,  0.,  0.,  0.],
       [ 0.,  0.,  0.,  0.,  0.,  0.,  0.,  0.,  0.,  0.],
       [ 0.,  0.,  0.,  0.,  0.,  0.,  0.,  0.,  0.,  0.],
       [ 0.,  0.,  0.,  0.,  0.,  0.,  0.,  0.,  0.,  0.],
       [ 0.,  0.,  0.,  0.,  0.,  0.,  0.,  0.,  0.,  0.],
       [ 0.,  0.,  0.,  0.,  0.,  0.,  0.,  0.,  0.,  0.],
       [ 0.,  0.,  0.,  0.,  0.,  0.,  0.,  0.,  0.,  0.],
       [ 0.,  0.,  0.,  0.,  0.,  0.,  0.,  0.,  0.,  0.],
       [ 0.,  0.,  0.,  0.,  0.,  0.,  0.,  0.,  0.,  0.],
       [ 0.,  0.,  0.,  0.,  0.,  0.,  0.,  0.,  0.,  0.],
       [ 0.,  0.,  0.,  0.,  0.,  0.,  0.,  0.,  0.,  0.],
       [ 0.,  0.,  0.,  0.,  0.,  0.,  0.,  0.,  0.,  0.]]),
              'LOS': array([ 0.,  0.,  0.,  0.,  0.,  0.,  0.,  0.,  0.,  0.]),
              'V_sol': array([[-4.4066937, -4.4066937, -4.4066937, -4.4066937, -4.4066937,
        -4.4066937, -4.4066937, -4.4066937, -4.4066937, -4.4066937],
       [-4.4066937, -4.4066937, -4.4066937, -4.4066937, -4.4066937,
        -4.4066937, -4.4066937, -4.4066937, -4.4066937, -4.4066937],
       [-4.4066937, -4.4066937, -4.4066937, -4.4066937, -4.4066937,
        -4.4066937, -4.4066937, -4.4066937, -4.4066937, -4.4066937],
       [-4.4066937, -4.4066937, -4.4066937, -4.4066937, -4.4066937,
        -4.4066937, -4.4066937, -4.4066937, -4.4066937, -4.4066937],
       [-4.4066937, -4.4066937, -4.4066937, -4.4066937, -4.4066937,
        -4.4066937, -4.4066937, -4.4066937, -4.4066937, -4.4066937],
       [-4.4066937, -4.4066937, -4.4066937, -4.4066937, -4.4066937,
        -4.4066937, -4.4066937, -4.4066937, -4.4066937, -4.4066937],
       [-4.4066937, -4.4066937, -4.4066937, -4.4066937, -4.4066937,
        -4.4066937, -4.4066937, -4.4066937, -4.4066937, -4.4066937],
       [-4.4066937, -4.4066937, -4.4066937, -4.4066937, -4.4066937,
        -4.4066937, -4.4066937, -4.4066937, -4.4066937, -4.4066937],
       [-4.4066937, -4.4066937, -4.4066937, -4.4066937, -4.4066937,
        -4.4066937, -4.4066937, -4.4066937, -4.4066937, -4.4066937],
       [-4.4066937, -4.4066937, -4.4066937, -4.4066937, -4.4066937,
        -4.4066937, -4.4066937, -4.4066937, -4.4066937, -4.4066937],
       [-4.4066937, -4.4066937, -4.4066937, -4.4066937, -4.4066937,
        -4.4066937, -4.4066937, -4.4066937, -4.4066937, -4.4066937],
       [-4.4066937, -4.4066937, -4.4066937, -4.4066937, -4.4066937,
        -4.4066937, -4.4066937, -4.4066937, -4.4066937, -4.4066937]]),
              'exposedArea': array([[[ 0.,  0.,  0.,  0.,  0.,  0.,  0.,  0.,  0.,  0.],
        [ 0.,  0.,  0.,  0.,  0.,  0.,  0.,  0.,  0.,  0.],
        [ 0.,  0.,  0.,  0.,  0.,  0.,  0.,  0.,  0.,  0.],
        [ 0.,  0.,  0.,  0.,  0.,  0.,  0.,  0.,  0.,  0.],
        [ 0.,  0.,  0.,  0.,  0.,  0.,  0.,  0.,  0.,  0.],
        [ 0.,  0.,  0.,  0.,  0.,  0.,  0.,  0.,  0.,  0.],
        [ 0.,  0.,  0.,  0.,  0.,  0.,  0.,  0.,  0.,  0.],
        [ 0.,  0.,  0.,  0.,  0.,  0.,  0.,  0.,  0.,  0.],
        [ 0.,  0.,  0.,  0.,  0.,  0.,  0.,  0.,  0.,  0.],
        [ 0.,  0.,  0.,  0.,  0.,  0.,  0.,  0.,  0.,  0.],
        [ 0.,  0.,  0.,  0.,  0.,  0.,  0.,  0.,  0.,  0.],
        [ 0.,  0.,  0.,  0.,  0.,  0.,  0.,  0.,  0.,  0.]],

       [[ 0.,  0.,  0.,  0.,  0.,  0.,  0.,  0.,  0.,  0.],
        [ 0.,  0.,  0.,  0.,  0.,  0.,  0.,  0.,  0.,  0.],
        [ 0.,  0.,  0.,  0.,  0.,  0.,  0.,  0.,  0.,  0.],
        [ 0.,  0.,  0.,  0.,  0.,  0.,  0.,  0.,  0.,  0.],
        [ 0.,  0.,  0.,  0.,  0.,  0.,  0.,  0.,  0.,  0.],
        [ 0.,  0.,  0.,  0.,  0.,  0.,  0.,  0.,  0.,  0.],
        [ 0.,  0.,  0.,  0.,  0.,  0.,  0.,  0.,  0.,  0.],
        [ 0.,  0.,  0.,  0.,  0.,  0.,  0.,  0.,  0.,  0.],
        [ 0.,  0.,  0.,  0.,  0.,  0.,  0.,  0.,  0.,  0.],
        [ 0.,  0.,  0.,  0.,  0.,  0.,  0.,  0.,  0.,  0.],
        [ 0.,  0.,  0.,  0.,  0.,  0.,  0.,  0.,  0.,  0.],
        [ 0.,  0.,  0.,  0.,  0.,  0.,  0.,  0.,  0.,  0.]],

       [[ 0.,  0.,  0.,  0.,  0.,  0.,  0.,  0.,  0.,  0.],
        [ 0.,  0.,  0.,  0.,  0.,  0.,  0.,  0.,  0.,  0.],
        [ 0.,  0.,  0.,  0.,  0.,  0.,  0.,  0.,  0.,  0.],
        [ 0.,  0.,  0.,  0.,  0.,  0.,  0.,  0.,  0.,  0.],
        [ 0.,  0.,  0.,  0.,  0.,  0.,  0.,  0.,  0.,  0.],
        [ 0.,  0.,  0.,  0.,  0.,  0.,  0.,  0.,  0.,  0.],
        [ 0.,  0.,  0.,  0.,  0.,  0.,  0.,  0.,  0.,  0.],
        [ 0.,  0.,  0.,  0.,  0.,  0.,  0.,  0.,  0.,  0.],
        [ 0.,  0.,  0.,  0.,  0.,  0.,  0.,  0.,  0.,  0.],
        [ 0.,  0.,  0.,  0.,  0.,  0.,  0.,  0.,  0.,  0.],
        [ 0.,  0.,  0.,  0.,  0.,  0.,  0.,  0.,  0.,  0.],
        [ 0.,  0.,  0.,  0.,  0.,  0.,  0.,  0.,  0.,  0.]],

       [[ 0.,  0.,  0.,  0.,  0.,  0.,  0.,  0.,  0.,  0.],
        [ 0.,  0.,  0.,  0.,  0.,  0.,  0.,  0.,  0.,  0.],
        [ 0.,  0.,  0.,  0.,  0.,  0.,  0.,  0.,  0.,  0.],
        [ 0.,  0.,  0.,  0.,  0.,  0.,  0.,  0.,  0.,  0.],
        [ 0.,  0.,  0.,  0.,  0.,  0.,  0.,  0.,  0.,  0.],
        [ 0.,  0.,  0.,  0.,  0.,  0.,  0.,  0.,  0.,  0.],
        [ 0.,  0.,  0.,  0.,  0.,  0.,  0.,  0.,  0.,  0.],
        [ 0.,  0.,  0.,  0.,  0.,  0.,  0.,  0.,  0.,  0.],
        [ 0.,  0.,  0.,  0.,  0.,  0.,  0.,  0.,  0.,  0.],
        [ 0.,  0.,  0.,  0.,  0.,  0.,  0.,  0.,  0.,  0.],
        [ 0.,  0.,  0.,  0.,  0.,  0.,  0.,  0.,  0.,  0.],
        [ 0.,  0.,  0.,  0.,  0.,  0.,  0.,  0.,  0.,  0.]],

       [[ 0.,  0.,  0.,  0.,  0.,  0.,  0.,  0.,  0.,  0.],
        [ 0.,  0.,  0.,  0.,  0.,  0.,  0.,  0.,  0.,  0.],
        [ 0.,  0.,  0.,  0.,  0.,  0.,  0.,  0.,  0.,  0.],
        [ 0.,  0.,  0.,  0.,  0.,  0.,  0.,  0.,  0.,  0.],
        [ 0.,  0.,  0.,  0.,  0.,  0.,  0.,  0.,  0.,  0.],
        [ 0.,  0.,  0.,  0.,  0.,  0.,  0.,  0.,  0.,  0.],
        [ 0.,  0.,  0.,  0.,  0.,  0.,  0.,  0.,  0.,  0.],
        [ 0.,  0.,  0.,  0.,  0.,  0.,  0.,  0.,  0.,  0.],
        [ 0.,  0.,  0.,  0.,  0.,  0.,  0.,  0.,  0.,  0.],
        [ 0.,  0.,  0.,  0.,  0.,  0.,  0.,  0.,  0.,  0.],
        [ 0.,  0.,  0.,  0.,  0.,  0.,  0.,  0.,  0.,  0.],
        [ 0.,  0.,  0.,  0.,  0.,  0.,  0.,  0.,  0.,  0.]],

       [[ 0.,  0.,  0.,  0.,  0.,  0.,  0.,  0.,  0.,  0.],
        [ 0.,  0.,  0.,  0.,  0.,  0.,  0.,  0.,  0.,  0.],
        [ 0.,  0.,  0.,  0.,  0.,  0.,  0.,  0.,  0.,  0.],
        [ 0.,  0.,  0.,  0.,  0.,  0.,  0.,  0.,  0.,  0.],
        [ 0.,  0.,  0.,  0.,  0.,  0.,  0.,  0.,  0.,  0.],
        [ 0.,  0.,  0.,  0.,  0.,  0.,  0.,  0.,  0.,  0.],
        [ 0.,  0.,  0.,  0.,  0.,  0.,  0.,  0.,  0.,  0.],
        [ 0.,  0.,  0.,  0.,  0.,  0.,  0.,  0.,  0.,  0.],
        [ 0.,  0.,  0.,  0.,  0.,  0.,  0.,  0.,  0.,  0.],
        [ 0.,  0.,  0.,  0.,  0.,  0.,  0.,  0.,  0.,  0.],
        [ 0.,  0.,  0.,  0.,  0.,  0.,  0.,  0.,  0.,  0.],
        [ 0.,  0.,  0.,  0.,  0.,  0.,  0.,  0.,  0.,  0.]],

       [[ 0.,  0.,  0.,  0.,  0.,  0.,  0.,  0.,  0.,  0.],
        [ 0.,  0.,  0.,  0.,  0.,  0.,  0.,  0.,  0.,  0.],
        [ 0.,  0.,  0.,  0.,  0.,  0.,  0.,  0.,  0.,  0.],
        [ 0.,  0.,  0.,  0.,  0.,  0.,  0.,  0.,  0.,  0.],
        [ 0.,  0.,  0.,  0.,  0.,  0.,  0.,  0.,  0.,  0.],
        [ 0.,  0.,  0.,  0.,  0.,  0.,  0.,  0.,  0.,  0.],
        [ 0.,  0.,  0.,  0.,  0.,  0.,  0.,  0.,  0.,  0.],
        [ 0.,  0.,  0.,  0.,  0.,  0.,  0.,  0.,  0.,  0.],
        [ 0.,  0.,  0.,  0.,  0.,  0.,  0.,  0.,  0.,  0.],
        [ 0.,  0.,  0.,  0.,  0.,  0.,  0.,  0.,  0.,  0.],
        [ 0.,  0.,  0.,  0.,  0.,  0.,  0.,  0.,  0.,  0.],
        [ 0.,  0.,  0.,  0.,  0.,  0.,  0.,  0.,  0.,  0.]]]),
              'temperature': array([[ 0.,  0.,  0.,  0.,  0.,  0.,  0.,  0.,  0.,  0.],
       [ 0.,  0.,  0.,  0.,  0.,  0.,  0.,  0.,  0.,  0.],
       [ 0.,  0.,  0.,  0.,  0.,  0.,  0.,  0.,  0.,  0.],
       [ 0.,  0.,  0.,  0.,  0.,  0.,  0.,  0.,  0.,  0.],
       [ 0.,  0.,  0.,  0.,  0.,  0.,  0.,  0.,  0.,  0.]])},
 'applyDerT': {'Isetpt': array([[ 84.06151826,  84.06151826,  84.06151826,  84.06151826,
         84.06151826,  84.06151826,  84.06151826,  84.06151826,
         84.06151826,  84.06151826],
       [ 84.06151826,  84.06151826,  84.06151826,  84.06151826,
         84.06151826,  84.06151826,  84.06151826,  84.06151826,
         84.06151826,  84.06151826],
       [ 84.06151826,  84.06151826,  84.06151826,  84.06151826,
         84.06151826,  84.06151826,  84.06151826,  84.06151826,
         84.06151826,  84.06151826],
       [ 84.06151826,  84.06151826,  84.06151826,  84.06151826,
         84.06151826,  84.06151826,  84.06151826,  84.06151826,
         84.06151826,  84.06151826],
       [ 84.06151826,  84.06151826,  84.06151826,  84.06151826,
         84.06151826,  84.06151826,  84.06151826,  84.06151826,
         84.06151826,  84.06151826],
       [ 84.06151826,  84.06151826,  84.06151826,  84.06151826,
         84.06151826,  84.06151826,  84.06151826,  84.06151826,
         84.06151826,  84.06151826],
       [ 84.06151826,  84.06151826,  84.06151826,  84.06151826,
         84.06151826,  84.06151826,  84.06151826,  84.06151826,
         84.06151826,  84.06151826],
       [ 84.06151826,  84.06151826,  84.06151826,  84.06151826,
         84.06151826,  84.06151826,  84.06151826,  84.06151826,
         84.06151826,  84.06151826],
       [ 84.06151826,  84.06151826,  84.06151826,  84.06151826,
         84.06151826,  84.06151826,  84.06151826,  84.06151826,
         84.06151826,  84.06151826],
       [ 84.06151826,  84.06151826,  84.06151826,  84.06151826,
         84.06151826,  84.06151826,  84.06151826,  84.06151826,
         84.06151826,  84.06151826],
       [ 84.06151826,  84.06151826,  84.06151826,  84.06151826,
         84.06151826,  84.06151826,  84.06151826,  84.06151826,
         84.06151826,  84.06151826],
       [ 84.06151826,  84.06151826,  84.06151826,  84.06151826,
         84.06151826,  84.06151826,  84.06151826,  84.06151826,
         84.06151826,  84.06151826]]),
               'LOS': array([ 1410.22052795,  1410.22052795,  1410.22052795,  1410.22052795,
        1410.22052795,  1410.22052795,  1410.22052795,  1410.22052795,
        1410.22052795,  1410.22052795]),
               'V_sol': array([[ 0.,  0.,  0.,  0.,  0.,  0.,  0.,  0.,  0.,  0.],
       [ 0.,  0.,  0.,  0.,  0.,  0.,  0.,  0.,  0.,  0.],
       [ 0.,  0.,  0.,  0.,  0.,  0.,  0.,  0.,  0.,  0.],
       [ 0.,  0.,  0.,  0.,  0.,  0.,  0.,  0.,  0.,  0.],
       [ 0.,  0.,  0.,  0.,  0.,  0.,  0.,  0.,  0.,  0.],
       [ 0.,  0.,  0.,  0.,  0.,  0.,  0.,  0.,  0.,  0.],
       [ 0.,  0.,  0.,  0.,  0.,  0.,  0.,  0.,  0.,  0.],
       [ 0.,  0.,  0.,  0.,  0.,  0.,  0.,  0.,  0.,  0.],
       [ 0.,  0.,  0.,  0.,  0.,  0.,  0.,  0.,  0.,  0.],
       [ 0.,  0.,  0.,  0.,  0.,  0.,  0.,  0.,  0.,  0.],
       [ 0.,  0.,  0.,  0.,  0.,  0.,  0.,  0.,  0.,  0.],
       [ 0.,  0.,  0.,  0.,  0.,  0.,  0.,  0.,  0.,  0.]]),
               'exposedArea': array([[[ 5.59611321,  5.59611321,  5.59611321,  5.59611321,  5.59611321,
          5.59611321,  5.59611321,  5.59611321,  5.59611321,  5.59611321],
        [ 5.59611321,  5.59611321,  5.59611321,  5.59611321,  5.59611321,
          5.59611321,  5.59611321,  5.59611321,  5.59611321,  5.59611321],
        [ 5.59611321,  5.59611321,  5.59611321,  5.59611321,  5.59611321,
          5.59611321,  5.59611321,  5.59611321,  5.59611321,  5.59611321],
        [ 5.59611321,  5.59611321,  5.59611321,  5.59611321,  5.59611321,
          5.59611321,  5.59611321,  5.59611321,  5.59611321,  5.59611321],
        [ 5.59611321,  5.59611321,  5.59611321,  5.59611321,  5.59611321,
          5.59611321,  5.59611321,  5.59611321,  5.59611321,  5.59611321],
        [ 5.59611321,  5.59611321,  5.59611321,  5.59611321,  5.59611321,
          5.59611321,  5.59611321,  5.59611321,  5.59611321,  5.59611321],
        [ 5.59611321,  5.59611321,  5.59611321,  5.59611321,  5.59611321,
          5.59611321,  5.59611321,  5.59611321,  5.59611321,  5.59611321],
        [ 5.59611321,  5.59611321,  5.59611321,  5.59611321,  5.59611321,
          5.59611321,  5.59611321,  5.59611321,  5.59611321,  5.59611321],
        [ 5.59611321,  5.59611321,  5.59611321,  5.59611321,  5.59611321,
          5.59611321,  5.59611321,  5.59611321,  5.59611321,  5.59611321],
        [ 5.59611321,  5.59611321,  5.59611321,  5.59611321,  5.59611321,
          5.59611321,  5.59611321,  5.59611321,  5.59611321,  5.59611321],
        [ 5.59611321,  5.59611321,  5.59611321,  5.59611321,  5.59611321,
          5.59611321,  5.59611321,  5.59611321,  5.59611321,  5.59611321],
        [ 5.59611321,  5.59611321,  5.59611321,  5.59611321,  5.59611321,
          5.59611321,  5.59611321,  5.59611321,  5.59611321,  5.59611321]],

       [[ 5.59611321,  5.59611321,  5.59611321,  5.59611321,  5.59611321,
          5.59611321,  5.59611321,  5.59611321,  5.59611321,  5.59611321],
        [ 5.59611321,  5.59611321,  5.59611321,  5.59611321,  5.59611321,
          5.59611321,  5.59611321,  5.59611321,  5.59611321,  5.59611321],
        [ 5.59611321,  5.59611321,  5.59611321,  5.59611321,  5.59611321,
          5.59611321,  5.59611321,  5.59611321,  5.59611321,  5.59611321],
        [ 5.59611321,  5.59611321,  5.59611321,  5.59611321,  5.59611321,
          5.59611321,  5.59611321,  5.59611321,  5.59611321,  5.59611321],
        [ 5.59611321,  5.59611321,  5.59611321,  5.59611321,  5.59611321,
          5.59611321,  5.59611321,  5.59611321,  5.59611321,  5.59611321],
        [ 5.59611321,  5.59611321,  5.59611321,  5.59611321,  5.59611321,
          5.59611321,  5.59611321,  5.59611321,  5.59611321,  5.59611321],
        [ 5.59611321,  5.59611321,  5.59611321,  5.59611321,  5.59611321,
          5.59611321,  5.59611321,  5.59611321,  5.59611321,  5.59611321],
        [ 5.59611321,  5.59611321,  5.59611321,  5.59611321,  5.59611321,
          5.59611321,  5.59611321,  5.59611321,  5.59611321,  5.59611321],
        [ 5.59611321,  5.59611321,  5.59611321,  5.59611321,  5.59611321,
          5.59611321,  5.59611321,  5.59611321,  5.59611321,  5.59611321],
        [ 5.59611321,  5.59611321,  5.59611321,  5.59611321,  5.59611321,
          5.59611321,  5.59611321,  5.59611321,  5.59611321,  5.59611321],
        [ 5.59611321,  5.59611321,  5.59611321,  5.59611321,  5.59611321,
          5.59611321,  5.59611321,  5.59611321,  5.59611321,  5.59611321],
        [ 5.59611321,  5.59611321,  5.59611321,  5.59611321,  5.59611321,
          5.59611321,  5.59611321,  5.59611321,  5.59611321,  5.59611321]],

       [[ 5.59611321,  5.59611321,  5.59611321,  5.59611321,  5.59611321,
          5.59611321,  5.59611321,  5.59611321,  5.59611321,  5.59611321],
        [ 5.59611321,  5.59611321,  5.59611321,  5.59611321,  5.59611321,
          5.59611321,  5.59611321,  5.59611321,  5.59611321,  5.59611321],
        [ 5.59611321,  5.59611321,  5.59611321,  5.59611321,  5.59611321,
          5.59611321,  5.59611321,  5.59611321,  5.59611321,  5.59611321],
        [ 5.59611321,  5.59611321,  5.59611321,  5.59611321,  5.59611321,
          5.59611321,  5.59611321,  5.59611321,  5.59611321,  5.59611321],
        [ 5.59611321,  5.59611321,  5.59611321,  5.59611321,  5.59611321,
          5.59611321,  5.59611321,  5.59611321,  5.59611321,  5.59611321],
        [ 5.59611321,  5.59611321,  5.59611321,  5.59611321,  5.59611321,
          5.59611321,  5.59611321,  5.59611321,  5.59611321,  5.59611321],
        [ 5.59611321,  5.59611321,  5.59611321,  5.59611321,  5.59611321,
          5.59611321,  5.59611321,  5.59611321,  5.59611321,  5.59611321],
        [ 5.59611321,  5.59611321,  5.59611321,  5.59611321,  5.59611321,
          5.59611321,  5.59611321,  5.59611321,  5.59611321,  5.59611321],
        [ 5.59611321,  5.59611321,  5.59611321,  5.59611321,  5.59611321,
          5.59611321,  5.59611321,  5.59611321,  5.59611321,  5.59611321],
        [ 5.59611321,  5.59611321,  5.59611321,  5.59611321,  5.59611321,
          5.59611321,  5.59611321,  5.59611321,  5.59611321,  5.59611321],
        [ 5.59611321,  5.59611321,  5.59611321,  5.59611321,  5.59611321,
          5.59611321,  5.59611321,  5.59611321,  5.59611321,  5.59611321],
        [ 5.59611321,  5.59611321,  5.59611321,  5.59611321,  5.59611321,
          5.59611321,  5.59611321,  5.59611321,  5.59611321,  5.59611321]],

       [[ 5.59611321,  5.59611321,  5.59611321,  5.59611321,  5.59611321,
          5.59611321,  5.59611321,  5.59611321,  5.59611321,  5.59611321],
        [ 5.59611321,  5.59611321,  5.59611321,  5.59611321,  5.59611321,
          5.59611321,  5.59611321,  5.59611321,  5.59611321,  5.59611321],
        [ 5.59611321,  5.59611321,  5.59611321,  5.59611321,  5.59611321,
          5.59611321,  5.59611321,  5.59611321,  5.59611321,  5.59611321],
        [ 5.59611321,  5.59611321,  5.59611321,  5.59611321,  5.59611321,
          5.59611321,  5.59611321,  5.59611321,  5.59611321,  5.59611321],
        [ 5.59611321,  5.59611321,  5.59611321,  5.59611321,  5.59611321,
          5.59611321,  5.59611321,  5.59611321,  5.59611321,  5.59611321],
        [ 5.59611321,  5.59611321,  5.59611321,  5.59611321,  5.59611321,
          5.59611321,  5.59611321,  5.59611321,  5.59611321,  5.59611321],
        [ 5.59611321,  5.59611321,  5.59611321,  5.59611321,  5.59611321,
          5.59611321,  5.59611321,  5.59611321,  5.59611321,  5.59611321],
        [ 5.59611321,  5.59611321,  5.59611321,  5.59611321,  5.59611321,
          5.59611321,  5.59611321,  5.59611321,  5.59611321,  5.59611321],
        [ 5.59611321,  5.59611321,  5.59611321,  5.59611321,  5.59611321,
          5.59611321,  5.59611321,  5.59611321,  5.59611321,  5.59611321],
        [ 5.59611321,  5.59611321,  5.59611321,  5.59611321,  5.59611321,
          5.59611321,  5.59611321,  5.59611321,  5.59611321,  5.59611321],
        [ 5.59611321,  5.59611321,  5.59611321,  5.59611321,  5.59611321,
          5.59611321,  5.59611321,  5.59611321,  5.59611321,  5.59611321],
        [ 5.59611321,  5.59611321,  5.59611321,  5.59611321,  5.59611321,
          5.59611321,  5.59611321,  5.59611321,  5.59611321,  5.59611321]],

       [[ 5.59611321,  5.59611321,  5.59611321,  5.59611321,  5.59611321,
          5.59611321,  5.59611321,  5.59611321,  5.59611321,  5.59611321],
        [ 5.59611321,  5.59611321,  5.59611321,  5.59611321,  5.59611321,
          5.59611321,  5.59611321,  5.59611321,  5.59611321,  5.59611321],
        [ 5.59611321,  5.59611321,  5.59611321,  5.59611321,  5.59611321,
          5.59611321,  5.59611321,  5.59611321,  5.59611321,  5.59611321],
        [ 5.59611321,  5.59611321,  5.59611321,  5.59611321,  5.59611321,
          5.59611321,  5.59611321,  5.59611321,  5.59611321,  5.59611321],
        [ 5.59611321,  5.59611321,  5.59611321,  5.59611321,  5.59611321,
          5.59611321,  5.59611321,  5.59611321,  5.59611321,  5.59611321],
        [ 5.59611321,  5.59611321,  5.59611321,  5.59611321,  5.59611321,
          5.59611321,  5.59611321,  5.59611321,  5.59611321,  5.59611321],
        [ 5.59611321,  5.59611321,  5.59611321,  5.59611321,  5.59611321,
          5.59611321,  5.59611321,  5.59611321,  5.59611321,  5.59611321],
        [ 5.59611321,  5.59611321,  5.59611321,  5.59611321,  5.59611321,
          5.59611321,  5.59611321,  5.59611321,  5.59611321,  5.59611321],
        [ 5.59611321,  5.59611321,  5.59611321,  5.59611321,  5.59611321,
          5.59611321,  5.59611321,  5.59611321,  5.59611321,  5.59611321],
        [ 5.59611321,  5.59611321,  5.59611321,  5.59611321,  5.59611321,
          5.59611321,  5.59611321,  5.59611321,  5.59611321,  5.59611321],
        [ 5.59611321,  5.59611321,  5.59611321,  5.59611321,  5.59611321,
          5.59611321,  5.59611321,  5.59611321,  5.59611321,  5.59611321],
        [ 5.59611321,  5.59611321,  5.59611321,  5.59611321,  5.59611321,
          5.59611321,  5.59611321,  5.59611321,  5.59611321,  5.59611321]],

       [[ 5.59611321,  5.59611321,  5.59611321,  5.59611321,  5.59611321,
          5.59611321,  5.59611321,  5.59611321,  5.59611321,  5.59611321],
        [ 5.59611321,  5.59611321,  5.59611321,  5.59611321,  5.59611321,
          5.59611321,  5.59611321,  5.59611321,  5.59611321,  5.59611321],
        [ 5.59611321,  5.59611321,  5.59611321,  5.59611321,  5.59611321,
          5.59611321,  5.59611321,  5.59611321,  5.59611321,  5.59611321],
        [ 5.59611321,  5.59611321,  5.59611321,  5.59611321,  5.59611321,
          5.59611321,  5.59611321,  5.59611321,  5.59611321,  5.59611321],
        [ 5.59611321,  5.59611321,  5.59611321,  5.59611321,  5.59611321,
          5.59611321,  5.59611321,  5.59611321,  5.59611321,  5.59611321],
        [ 5.59611321,  5.59611321,  5.59611321,  5.59611321,  5.59611321,
          5.59611321,  5.59611321,  5.59611321,  5.59611321,  5.59611321],
        [ 5.59611321,  5.59611321,  5.59611321,  5.59611321,  5.59611321,
          5.59611321,  5.59611321,  5.59611321,  5.59611321,  5.59611321],
        [ 5.59611321,  5.59611321,  5.59611321,  5.59611321,  5.59611321,
          5.59611321,  5.59611321,  5.59611321,  5.59611321,  5.59611321],
        [ 5.59611321,  5.59611321,  5.59611321,  5.59611321,  5.59611321,
          5.59611321,  5.59611321,  5.59611321,  5.59611321,  5.59611321],
        [ 5.59611321,  5.59611321,  5.59611321,  5.59611321,  5.59611321,
          5.59611321,  5.59611321,  5.59611321,  5.59611321,  5.59611321],
        [ 5.59611321,  5.59611321,  5.59611321,  5.59611321,  5.59611321,
          5.59611321,  5.59611321,  5.59611321,  5.59611321,  5.59611321],
        [ 5.59611321,  5.59611321,  5.59611321,  5.59611321,  5.59611321,
          5.59611321,  5.59611321,  5.59611321,  5.59611321,  5.59611321]],

       [[ 5.59611321,  5.59611321,  5.59611321,  5.59611321,  5.59611321,
          5.59611321,  5.59611321,  5.59611321,  5.59611321,  5.59611321],
        [ 5.59611321,  5.59611321,  5.59611321,  5.59611321,  5.59611321,
          5.59611321,  5.59611321,  5.59611321,  5.59611321,  5.59611321],
        [ 5.59611321,  5.59611321,  5.59611321,  5.59611321,  5.59611321,
          5.59611321,  5.59611321,  5.59611321,  5.59611321,  5.59611321],
        [ 5.59611321,  5.59611321,  5.59611321,  5.59611321,  5.59611321,
          5.59611321,  5.59611321,  5.59611321,  5.59611321,  5.59611321],
        [ 5.59611321,  5.59611321,  5.59611321,  5.59611321,  5.59611321,
          5.59611321,  5.59611321,  5.59611321,  5.59611321,  5.59611321],
        [ 5.59611321,  5.59611321,  5.59611321,  5.59611321,  5.59611321,
          5.59611321,  5.59611321,  5.59611321,  5.59611321,  5.59611321],
        [ 5.59611321,  5.59611321,  5.59611321,  5.59611321,  5.59611321,
          5.59611321,  5.59611321,  5.59611321,  5.59611321,  5.59611321],
        [ 5.59611321,  5.59611321,  5.59611321,  5.59611321,  5.59611321,
          5.59611321,  5.59611321,  5.59611321,  5.59611321,  5.59611321],
        [ 5.59611321,  5.59611321,  5.59611321,  5.59611321,  5.59611321,
          5.59611321,  5.59611321,  5.59611321,  5.59611321,  5.59611321],
        [ 5.59611321,  5.59611321,  5.59611321,  5.59611321,  5.59611321,
          5.59611321,  5.59611321,  5.59611321,  5.59611321,  5.59611321],
        [ 5.59611321,  5.59611321,  5.59611321,  5.59611321,  5.59611321,
          5.59611321,  5.59611321,  5.59611321,  5.59611321,  5.59611321],
        [ 5.59611321,  5.59611321,  5.59611321,  5.59611321,  5.59611321,
          5.59611321,  5.59611321,  5.59611321,  5.59611321,  5.59611321]]]),
               'temperature': array([[ 0.00767283,  0.00767283,  0.00767283,  0.00767283,  0.00767283,
         0.00767283,  0.00767283,  0.00767283,  0.00767283,  0.00767283],
       [ 0.00767283,  0.00767283,  0.00767283,  0.00767283,  0.00767283,
         0.00767283,  0.00767283,  0.00767283,  0.00767283,  0.00767283],
       [ 0.00767283,  0.00767283,  0.00767283,  0.00767283,  0.00767283,
         0.00767283,  0.00767283,  0.00767283,  0.00767283,  0.00767283],
       [ 0.00767283,  0.00767283,  0.00767283,  0.00767283,  0.00767283,
         0.00767283,  0.00767283,  0.00767283,  0.00767283,  0.00767283],
       [ 0.01534566,  0.01534566,  0.01534566,  0.01534566,  0.01534566,
         0.01534566,  0.01534566,  0.01534566,  0.01534566,  0.01534566]])},
 'execute': {'Isetpt': array([[ 0.2,  0.2,  0.2,  0.2,  0.2,  0.2,  0.2,  0.2,  0.2,  0.2],
       [ 0.2,  0.2,  0.2,  0.2,  0.2,  0.2,  0.2,  0.2,  0.2,  0.2],
       [ 0.2,  0.2,  0.2,  0.2,  0.2,  0.2,  0.2,  0.2,  0.2,  0.2],
       [ 0.2,  0.2,  0.2,  0.2,  0.2,  0.2,  0.2,  0.2,  0.2,  0.2],
       [ 0.2,  0.2,  0.2,  0.2,  0.2,  0.2,  0.2,  0.2,  0.2,  0.2],
       [ 0.2,  0.2,  0.2,  0.2,  0.2,  0.2,  0.2,  0.2,  0.2,  0.2],
       [ 0.2,  0.2,  0.2,  0.2,  0.2,  0.2,  0.2,  0.2,  0.2,  0.2],
       [ 0.2,  0.2,  0.2,  0.2,  0.2,  0.2,  0.2,  0.2,  0.2,  0.2],
       [ 0.2,  0.2,  0.2,  0.2,  0.2,  0.2,  0.2,  0.2,  0.2,  0.2],
       [ 0.2,  0.2,  0.2,  0.2,  0.2,  0.2,  0.2,  0.2,  0.2,  0.2],
       [ 0.2,  0.2,  0.2,  0.2,  0.2,  0.2,  0.2,  0.2,  0.2,  0.2],
       [ 0.2,  0.2,  0.2,  0.2,  0.2,  0.2,  0.2,  0.2,  0.2,  0.2]]),
             'LOS': array([ 0.01,  0.01,  0.01,  0.01,  0.01,  0.01,  0.01,  0.01,  0.01,  0.01]),
             'V_sol': array([[-4.58620763, -4.58620763, -4.58620763, -4.58620763, -4.58620763,
        -4.58620763, -4.58620763, -4.58620763, -4.58620763, -4.58620763],
       [-4.58620763, -4.58620763, -4.58620763, -4.58620763, -4.58620763,
        -4.58620763, -4.58620763, -4.58620763, -4.58620763, -4.58620763],
       [-4.58620763, -4.58620763, -4.58620763, -4.58620763, -4.58620763,
        -4.58620763, -4.58620763, -4.58620763, -4.58620763, -4.58620763],
       [-4.58620763, -4.58620763, -4.58620763, -4.58620763, -4.58620763,
        -4.58620763, -4.58620763, -4.58620763, -4.58620763, -4.58620763],
       [-4.58620763, -4.58620763, -4.58620763, -4.58620763, -4.58620763,
        -4.58620763, -4.58620763, -4.58620763, -4.58620763, -4.58620763],
       [-4.58620763, -4.58620763, -4.58620763, -4.58620763, -4.58620763,
        -4.58620763, -4.58620763, -4.58620763, -4.58620763, -4.58620763],
       [-4.58620763, -4.58620763, -4.58620763, -4.58620763, -4.58620763,
        -4.58620763, -4.58620763, -4.58620763, -4.58620763, -4.58620763],
       [-4.58620763, -4.58620763, -4.58620763, -4.58620763, -4.58620763,
        -4.58620763, -4.58620763, -4.58620763, -4.58620763, -4.58620763],
       [-4.58620763, -4.58620763, -4.58620763, -4.58620763, -4.58620763,
        -4.58620763, -4.58620763, -4.58620763, -4.58620763, -4.58620763],
       [-4.58620763, -4.58620763, -4.58620763, -4.58620763, -4.58620763,
        -4.58620763, -4.58620763, -4.58620763, -4.58620763, -4.58620763],
       [-4.58620763, -4.58620763, -4.58620763, -4.58620763, -4.58620763,
        -4.58620763, -4.58620763, -4.58620763, -4.58620763, -4.58620763],
       [-4.58620763, -4.58620763, -4.58620763, -4.58620763, -4.58620763,
        -4.58620763, -4.58620763, -4.58620763, -4.58620763, -4.58620763]]),
             'exposedArea': array([[[ 0.03,  0.03,  0.03,  0.03,  0.03,  0.03,  0.03,  0.03,  0.03,
          0.03],
        [ 0.03,  0.03,  0.03,  0.03,  0.03,  0.03,  0.03,  0.03,  0.03,
          0.03],
        [ 0.03,  0.03,  0.03,  0.03,  0.03,  0.03,  0.03,  0.03,  0.03,
          0.03],
        [ 0.03,  0.03,  0.03,  0.03,  0.03,  0.03,  0.03,  0.03,  0.03,
          0.03],
        [ 0.03,  0.03,  0.03,  0.03,  0.03,  0.03,  0.03,  0.03,  0.03,
          0.03],
        [ 0.03,  0.03,  0.03,  0.03,  0.03,  0.03,  0.03,  0.03,  0.03,
          0.03],
        [ 0.03,  0.03,  0.03,  0.03,  0.03,  0.03,  0.03,  0.03,  0.03,
          0.03],
        [ 0.03,  0.03,  0.03,  0.03,  0.03,  0.03,  0.03,  0.03,  0.03,
          0.03],
        [ 0.03,  0.03,  0.03,  0.03,  0.03,  0.03,  0.03,  0.03,  0.03,
          0.03],
        [ 0.03,  0.03,  0.03,  0.03,  0.03,  0.03,  0.03,  0.03,  0.03,
          0.03],
        [ 0.03,  0.03,  0.03,  0.03,  0.03,  0.03,  0.03,  0.03,  0.03,
          0.03],
        [ 0.03,  0.03,  0.03,  0.03,  0.03,  0.03,  0.03,  0.03,  0.03,
          0.03]],

       [[ 0.03,  0.03,  0.03,  0.03,  0.03,  0.03,  0.03,  0.03,  0.03,
          0.03],
        [ 0.03,  0.03,  0.03,  0.03,  0.03,  0.03,  0.03,  0.03,  0.03,
          0.03],
        [ 0.03,  0.03,  0.03,  0.03,  0.03,  0.03,  0.03,  0.03,  0.03,
          0.03],
        [ 0.03,  0.03,  0.03,  0.03,  0.03,  0.03,  0.03,  0.03,  0.03,
          0.03],
        [ 0.03,  0.03,  0.03,  0.03,  0.03,  0.03,  0.03,  0.03,  0.03,
          0.03],
        [ 0.03,  0.03,  0.03,  0.03,  0.03,  0.03,  0.03,  0.03,  0.03,
          0.03],
        [ 0.03,  0.03,  0.03,  0.03,  0.03,  0.03,  0.03,  0.03,  0.03,
          0.03],
        [ 0.03,  0.03,  0.03,  0.03,  0.03,  0.03,  0.03,  0.03,  0.03,
          0.03],
        [ 0.03,  0.03,  0.03,  0.03,  0.03,  0.03,  0.03,  0.03,  0.03,
          0.03],
        [ 0.03,  0.03,  0.03,  0.03,  0.03,  0.03,  0.03,  0.03,  0.03,
          0.03],
        [ 0.03,  0.03,  0.03,  0.03,  0.03,  0.03,  0.03,  0.03,  0.03,
          0.03],
        [ 0.03,  0.03,  0.03,  0.03,  0.03,  0.03,  0.03,  0.03,  0.03,
          0.03]],

       [[ 0.03,  0.03,  0.03,  0.03,  0.03,  0.03,  0.03,  0.03,  0.03,
          0.03],
        [ 0.03,  0.03,  0.03,  0.03,  0.03,  0.03,  0.03,  0.03,  0.03,
          0.03],
        [ 0.03,  0.03,  0.03,  0.03,  0.03,  0.03,  0.03,  0.03,  0.03,
          0.03],
        [ 0.03,  0.03,  0.03,  0.03,  0.03,  0.03,  0.03,  0.03,  0.03,
          0.03],
        [ 0.03,  0.03,  0.03,  0.03,  0.03,  0.03,  0.03,  0.03,  0.03,
          0.03],
        [ 0.03,  0.03,  0.03,  0.03,  0.03,  0.03,  0.03,  0.03,  0.03,
          0.03],
        [ 0.03,  0.03,  0.03,  0.03,  0.03,  0.03,  0.03,  0.03,  0.03,
          0.03],
        [ 0.03,  0.03,  0.03,  0.03,  0.03,  0.03,  0.03,  0.03,  0.03,
          0.03],
        [ 0.03,  0.03,  0.03,  0.03,  0.03,  0.03,  0.03,  0.03,  0.03,
          0.03],
        [ 0.03,  0.03,  0.03,  0.03,  0.03,  0.03,  0.03,  0.03,  0.03,
          0.03],
        [ 0.03,  0.03,  0.03,  0.03,  0.03,  0.03,  0.03,  0.03,  0.03,
          0.03],
        [ 0.03,  0.03,  0.03,  0.03,  0.03,  0.03,  0.03,  0.03,  0.03,
          0.03]],

       [[ 0.03,  0.03,  0.03,  0.03,  0.03,  0.03,  0.03,  0.03,  0.03,
          0.03],
        [ 0.03,  0.03,  0.03,  0.03,  0.03,  0.03,  0.03,  0.03,  0.03,
          0.03],
        [ 0.03,  0.03,  0.03,  0.03,  0.03,  0.03,  0.03,  0.03,  0.03,
          0.03],
        [ 0.03,  0.03,  0.03,  0.03,  0.03,  0.03,  0.03,  0.03,  0.03,
          0.03],
        [ 0.03,  0.03,  0.03,  0.03,  0.03,  0.03,  0.03,  0.03,  0.03,
          0.03],
        [ 0.03,  0.03,  0.03,  0.03,  0.03,  0.03,  0.03,  0.03,  0.03,
          0.03],
        [ 0.03,  0.03,  0.03,  0.03,  0.03,  0.03,  0.03,  0.03,  0.03,
          0.03],
        [ 0.03,  0.03,  0.03,  0.03,  0.03,  0.03,  0.03,  0.03,  0.03,
          0.03],
        [ 0.03,  0.03,  0.03,  0.03,  0.03,  0.03,  0.03,  0.03,  0.03,
          0.03],
        [ 0.03,  0.03,  0.03,  0.03,  0.03,  0.03,  0.03,  0.03,  0.03,
          0.03],
        [ 0.03,  0.03,  0.03,  0.03,  0.03,  0.03,  0.03,  0.03,  0.03,
          0.03],
        [ 0.03,  0.03,  0.03,  0.03,  0.03,  0.03,  0.03,  0.03,  0.03,
          0.03]],

       [[ 0.03,  0.03,  0.03,  0.03,  0.03,  0.03,  0.03,  0.03,  0.03,
          0.03],
        [ 0.03,  0.03,  0.03,  0.03,  0.03,  0.03,  0.03,  0.03,  0.03,
          0.03],
        [ 0.03,  0.03,  0.03,  0.03,  0.03,  0.03,  0.03,  0.03,  0.03,
          0.03],
        [ 0.03,  0.03,  0.03,  0.03,  0.03,  0.03,  0.03,  0.03,  0.03,
          0.03],
        [ 0.03,  0.03,  0.03,  0.03,  0.03,  0.03,  0.03,  0.03,  0.03,
          0.03],
        [ 0.03,  0.03,  0.03,  0.03,  0.03,  0.03,  0.03,  0.03,  0.03,
          0.03],
        [ 0.03,  0.03,  0.03,  0.03,  0.03,  0.03,  0.03,  0.03,  0.03,
          0.03],
        [ 0.03,  0.03,  0.03,  0.03,  0.03,  0.03,  0.03,  0.03,  0.03,
          0.03],
        [ 0.03,  0.03,  0.03,  0.03,  0.03,  0.03,  0.03,  0.03,  0.03,
          0.03],
        [ 0.03,  0.03,  0.03,  0.03,  0.03,  0.03,  0.03,  0.03,  0.03,
          0.03],
        [ 0.03,  0.03,  0.03,  0.03,  0.03,  0.03,  0.03,  0.03,  0.03,
          0.03],
        [ 0.03,  0.03,  0.03,  0.03,  0.03,  0.03,  0.03,  0.03,  0.03,
          0.03]],

       [[ 0.03,  0.03,  0.03,  0.03,  0.03,  0.03,  0.03,  0.03,  0.03,
          0.03],
        [ 0.03,  0.03,  0.03,  0.03,  0.03,  0.03,  0.03,  0.03,  0.03,
          0.03],
        [ 0.03,  0.03,  0.03,  0.03,  0.03,  0.03,  0.03,  0.03,  0.03,
          0.03],
        [ 0.03,  0.03,  0.03,  0.03,  0.03,  0.03,  0.03,  0.03,  0.03,
          0.03],
        [ 0.03,  0.03,  0.03,  0.03,  0.03,  0.03,  0.03,  0.03,  0.03,
          0.03],
        [ 0.03,  0.03,  0.03,  0.03,  0.03,  0.03,  0.03,  0.03,  0.03,
          0.03],
        [ 0.03,  0.03,  0.03,  0.03,  0.03,  0.03,  0.03,  0.03,  0.03,
          0.03],
        [ 0.03,  0.03,  0.03,  0.03,  0.03,  0.03,  0.03,  0.03,  0.03,
          0.03],
        [ 0.03,  0.03,  0.03,  0.03,  0.03,  0.03,  0.03,  0.03,  0.03,
          0.03],
        [ 0.03,  0.03,  0.03,  0.03,  0.03,  0.03,  0.03,  0.03,  0.03,
          0.03],
        [ 0.03,  0.03,  0.03,  0.03,  0.03,  0.03,  0.03,  0.03,  0.03,
          0.03],
        [ 0.03,  0.03,  0.03,  0.03,  0.03,  0.03,  0.03,  0.03,  0.03,
          0.03]],

       [[ 0.03,  0.03,  0.03,  0.03,  0.03,  0.03,  0.03,  0.03,  0.03,
          0.03],
        [ 0.03,  0.03,  0.03,  0.03,  0.03,  0.03,  0.03,  0.03,  0.03,
          0.03],
        [ 0.03,  0.03,  0.03,  0.03,  0.03,  0.03,  0.03,  0.03,  0.03,
          0.03],
        [ 0.03,  0.03,  0.03,  0.03,  0.03,  0.03,  0.03,  0.03,  0.03,
          0.03],
        [ 0.03,  0.03,  0.03,  0.03,  0.03,  0.03,  0.03,  0.03,  0.03,
          0.03],
        [ 0.03,  0.03,  0.03,  0.03,  0.03,  0.03,  0.03,  0.03,  0.03,
          0.03],
        [ 0.03,  0.03,  0.03,  0.03,  0.03,  0.03,  0.03,  0.03,  0.03,
          0.03],
        [ 0.03,  0.03,  0.03,  0.03,  0.03,  0.03,  0.03,  0.03,  0.03,
          0.03],
        [ 0.03,  0.03,  0.03,  0.03,  0.03,  0.03,  0.03,  0.03,  0.03,
          0.03],
        [ 0.03,  0.03,  0.03,  0.03,  0.03,  0.03,  0.03,  0.03,  0.03,
          0.03],
        [ 0.03,  0.03,  0.03,  0.03,  0.03,  0.03,  0.03,  0.03,  0.03,
          0.03],
        [ 0.03,  0.03,  0.03,  0.03,  0.03,  0.03,  0.03,  0.03,  0.03,
          0.03]]]),
             'temperature': array([[ 273.,  273.,  273.,  273.,  273.,  273.,  273.,  273.,  273.,
         273.],
       [ 273.,  273.,  273.,  273.,  273.,  273.,  273.,  273.,  273.,
         273.],
       [ 273.,  273.,  273.,  273.,  273.,  273.,  273.,  273.,  273.,
         273.],
       [ 273.,  273.,  273.,  273.,  273.,  273.,  273.,  273.,  273.,
         273.],
       [ 273.,  273.,  273.,  273.,  273.,  273.,  273.,  273.,  273.,
         273.]])}}
